[debug] [2024-07-08T15:01:16.779Z] ----------------------------------------------------------------------
[debug] [2024-07-08T15:01:16.781Z] Command:       C:\Program Files\nodejs\node.exe C:\Program Files\nodejs\node_modules\firebase-tools\lib\bin\firebase.js init
[debug] [2024-07-08T15:01:16.781Z] CLI Version:   13.13.0
[debug] [2024-07-08T15:01:16.782Z] Platform:      win32
[debug] [2024-07-08T15:01:16.782Z] Node Version:  v18.17.1
[debug] [2024-07-08T15:01:16.783Z] Time:          Mon Jul 08 2024 20:31:16 GMT+0530 (India Standard Time)
[debug] [2024-07-08T15:01:16.783Z] ----------------------------------------------------------------------
[debug] 
[debug] [2024-07-08T15:01:16.791Z] > command requires scopes: ["email","openid","https://www.googleapis.com/auth/cloudplatformprojects.readonly","https://www.googleapis.com/auth/firebase","https://www.googleapis.com/auth/cloud-platform"]
[debug] [2024-07-08T15:01:16.791Z] > authorizing via signed-in user (samarthbhardwaj2002@gmail.com)
[info] 
     ######## #### ########  ######## ########     ###     ######  ########
     ##        ##  ##     ## ##       ##     ##  ##   ##  ##       ##
     ######    ##  ########  ######   ########  #########  ######  ######
     ##        ##  ##    ##  ##       ##     ## ##     ##       ## ##
     ##       #### ##     ## ######## ########  ##     ##  ######  ########

You're about to initialize a Firebase project in this directory:

  D:\GitRepos\healthproject\thehealthapp\healthyapp

[debug] [2024-07-08T15:01:49.532Z] ----------------------------------------------------------------------
[debug] [2024-07-08T15:01:49.535Z] Command:       C:\Program Files\nodejs\node.exe C:\Program Files\nodejs\node_modules\firebase-tools\lib\bin\firebase.js init functions
[debug] [2024-07-08T15:01:49.535Z] CLI Version:   13.13.0
[debug] [2024-07-08T15:01:49.535Z] Platform:      win32
[debug] [2024-07-08T15:01:49.535Z] Node Version:  v18.17.1
[debug] [2024-07-08T15:01:49.536Z] Time:          Mon Jul 08 2024 20:31:49 GMT+0530 (India Standard Time)
[debug] [2024-07-08T15:01:49.537Z] ----------------------------------------------------------------------
[debug] 
[debug] [2024-07-08T15:01:49.545Z] > command requires scopes: ["email","openid","https://www.googleapis.com/auth/cloudplatformprojects.readonly","https://www.googleapis.com/auth/firebase","https://www.googleapis.com/auth/cloud-platform"]
[debug] [2024-07-08T15:01:49.546Z] > authorizing via signed-in user (samarthbhardwaj2002@gmail.com)
[info] 
     ######## #### ########  ######## ########     ###     ######  ########
     ##        ##  ##     ## ##       ##     ##  ##   ##  ##       ##
     ######    ##  ########  ######   ########  #########  ######  ######
     ##        ##  ##    ##  ##       ##     ## ##     ##       ## ##
     ##       #### ##     ## ######## ########  ##     ##  ######  ########

You're about to initialize a Firebase project in this directory:

  D:\GitRepos\healthproject\thehealthapp\healthyapp

[info] 
=== Project Setup
[info] 
[info] First, let's associate this project directory with a Firebase project.
[info] You can create multiple project aliases by running firebase use --add, 
[info] but for now we'll just set up a default project.
[info] 
[debug] [2024-07-08T15:01:56.211Z] > refreshing access token with scopes: []
[debug] [2024-07-08T15:01:56.214Z] >>> [apiv2][query] POST https://www.googleapis.com/oauth2/v3/token [none]
[debug] [2024-07-08T15:01:56.214Z] >>> [apiv2][body] POST https://www.googleapis.com/oauth2/v3/token [omitted]
[debug] [2024-07-08T15:01:56.436Z] <<< [apiv2][status] POST https://www.googleapis.com/oauth2/v3/token 400
[debug] [2024-07-08T15:01:56.437Z] <<< [apiv2][body] POST https://www.googleapis.com/oauth2/v3/token [omitted]
[debug] [2024-07-08T15:01:56.438Z] >>> [apiv2][query] GET https://firebase.googleapis.com/v1beta1/projects pageSize=100
[debug] [2024-07-08T15:01:56.744Z] <<< [apiv2][status] GET https://firebase.googleapis.com/v1beta1/projects 401
[debug] [2024-07-08T15:01:56.744Z] <<< [apiv2][body] GET https://firebase.googleapis.com/v1beta1/projects [omitted]
[debug] [2024-07-08T15:01:56.745Z] HTTP Error: 401, Request had invalid authentication credentials. Expected OAuth 2 access token, login cookie or other valid authentication credential. See https://developers.google.com/identity/sign-in/web/devconsole-project.
[debug] [2024-07-08T15:01:56.928Z] FirebaseError: HTTP Error: 401, Request had invalid authentication credentials. Expected OAuth 2 access token, login cookie or other valid authentication credential. See https://developers.google.com/identity/sign-in/web/devconsole-project.
    at responseToError (C:\Users\samar\AppData\Roaming\nvm\v18.17.1\node_modules\firebase-tools\lib\responseToError.js:49:12)
    at RetryOperation._fn (C:\Users\samar\AppData\Roaming\nvm\v18.17.1\node_modules\firebase-tools\lib\apiv2.js:305:77)
    at process.processTicksAndRejections (node:internal/process/task_queues:95:5)
[error] 
[error] Error: Failed to list Firebase projects. See firebase-debug.log for more info.
